INFO:>>>>> processing: AuctionCatalogues.sothebysParkeBernet.xlsx
INFO:
Data input in /Users/paulwakelin/coding/python/art_cats/excel_files/AuctionCatalogues.sothebysParkeBernet.xlsx
INFO:Advisory: assuming country name ('nyu') has already been processed.
INFO:Advisory: assuming country name ('nyu') has already been processed.
INFO:Advisory: assuming country name ('nyu') has already been processed.
INFO:Advisory: assuming country name ('nyu') has already been processed.
INFO:Advisory: assuming country name ('nyu') has already been processed.
INFO:Advisory: assuming country name ('nyu') has already been processed.
INFO:Advisory: assuming country name ('nyu') has already been processed.
INFO:Advisory: assuming country name ('nyu') has already been processed.
INFO:Advisory: assuming country name ('nyu') has already been processed.
INFO:Advisory: assuming country name ('nyu') has already been processed.
INFO:Advisory: assuming country name ('nyu') has already been processed.
INFO:Advisory: assuming country name ('nyu') has already been processed.
INFO:Advisory: assuming country name ('nyu') has already been processed.
INFO:Advisory: assuming country name ('nyu') has already been processed.
INFO:Advisory: assuming country name ('nyu') has already been processed.
INFO:Advisory: assuming country name ('nyu') has already been processed.
INFO:Advisory: assuming country name ('nyu') has already been processed.
INFO:Advisory: assuming country name ('nyu') has already been processed.
INFO:Advisory: assuming country name ('nyu') has already been processed.
INFO:Advisory: assuming country name ('nyu') has already been processed.
INFO:Advisory: assuming country name ('nyu') has already been processed.
INFO:Advisory: assuming country name ('nyu') has already been processed.
INFO:Advisory: assuming country name ('nyu') has already been processed.
INFO:Advisory: assuming country name ('nyu') has already been processed.
INFO:Advisory: assuming country name ('nyu') has already been processed.
INFO:Advisory: assuming country name ('nyu') has already been processed.
INFO:Advisory: assuming country name ('nyu') has already been processed.
INFO:Advisory: assuming country name ('nyu') has already been processed.
INFO:Advisory: assuming country name ('nyu') has already been processed.
INFO:Advisory: assuming country name ('nyu') has already been processed.
INFO:Advisory: assuming country name ('nyu') has already been processed.
INFO:Advisory: assuming country name ('nyu') has already been processed.
INFO:Advisory: assuming country name ('nyu') has already been processed.
INFO:Advisory: assuming country name ('nyu') has already been processed.
INFO:Advisory: assuming country name ('nyu') has already been processed.
INFO:Advisory: assuming country name ('nyu') has already been processed.
INFO:Advisory: assuming country name ('nyu') has already been processed.
INFO:Advisory: assuming country name ('nyu') has already been processed.
INFO:Advisory: assuming country name ('nyu') has already been processed.
INFO:Advisory: assuming country name ('nyu') has already been processed.
INFO:Advisory: assuming country name ('nyu') has already been processed.
INFO:Advisory: assuming country name ('nyu') has already been processed.
INFO:Advisory: assuming country name ('nyu') has already been processed.
INFO:Advisory: assuming country name ('nyu') has already been processed.
INFO:Advisory: assuming country name ('nyu') has already been processed.
INFO:Advisory: assuming country name ('ne') has already been processed.
INFO:Advisory: assuming country name ('ne') has already been processed.
INFO:Advisory: assuming country name ('fr') has already been processed.
INFO:Advisory: assuming country name ('fr') has already been processed.
INFO:Advisory: assuming country name ('cc') has already been processed.
INFO:Advisory: assuming country name ('it') has already been processed.
WARNING:Warning: 'eng' is not a recognised language; it has been passed on unchanged.
INFO:Advisory: assuming country name ('sz') has already been processed.
WARNING:Warning: 'eng' is not a recognised language; it has been passed on unchanged.
INFO:Advisory: assuming country name ('sz') has already been processed.
WARNING:Warning: 'eng' is not a recognised language; it has been passed on unchanged.
INFO:Advisory: assuming country name ('cc') has already been processed.
WARNING:Warning: 'eng' is not a recognised language; it has been passed on unchanged.
INFO:Advisory: assuming country name ('cc') has already been processed.
WARNING:Warning: 'eng' is not a recognised language; it has been passed on unchanged.
INFO:Advisory: assuming country name ('cc') has already been processed.
WARNING:Warning: 'eng' is not a recognised language; it has been passed on unchanged.
INFO:Advisory: assuming country name ('cc') has already been processed.
WARNING:Warning: 'eng' is not a recognised language; it has been passed on unchanged.
INFO:Advisory: assuming country name ('cc') has already been processed.
WARNING:Warning: 'eng' is not a recognised language; it has been passed on unchanged.
INFO:Advisory: assuming country name ('cc') has already been processed.
WARNING:Warning: 'eng' is not a recognised language; it has been passed on unchanged.
INFO:Advisory: assuming country name ('cc') has already been processed.
WARNING:Warning: 'eng' is not a recognised language; it has been passed on unchanged.
INFO:Advisory: assuming country name ('cc') has already been processed.
WARNING:Warning: 'eng' is not a recognised language; it has been passed on unchanged.
INFO:Advisory: assuming country name ('cc') has already been processed.
WARNING:Warning: 'eng' is not a recognised language; it has been passed on unchanged.
INFO:Advisory: assuming country name ('cc') has already been processed.
WARNING:Warning: 'eng' is not a recognised language; it has been passed on unchanged.
INFO:Advisory: assuming country name ('cc') has already been processed.
WARNING:Warning: 'eng' is not a recognised language; it has been passed on unchanged.
INFO:Advisory: assuming country name ('cc') has already been processed.
WARNING:Warning: 'eng' is not a recognised language; it has been passed on unchanged.
INFO:Advisory: assuming country name ('cc') has already been processed.
WARNING:Warning: 'eng' is not a recognised language; it has been passed on unchanged.
INFO:Advisory: assuming country name ('cc') has already been processed.
WARNING:Warning: 'eng' is not a recognised language; it has been passed on unchanged.
INFO:Advisory: assuming country name ('cc') has already been processed.
WARNING:Warning: 'eng' is not a recognised language; it has been passed on unchanged.
INFO:Advisory: assuming country name ('cc') has already been processed.
WARNING:Warning: 'eng' is not a recognised language; it has been passed on unchanged.
INFO:Advisory: assuming country name ('cc') has already been processed.
WARNING:Warning: 'eng' is not a recognised language; it has been passed on unchanged.
INFO:Advisory: assuming country name ('cc') has already been processed.
WARNING:Warning: 'eng' is not a recognised language; it has been passed on unchanged.
INFO:Advisory: assuming country name ('cc') has already been processed.
WARNING:Warning: 'eng' is not a recognised language; it has been passed on unchanged.
INFO:Advisory: assuming country name ('cc') has already been processed.
WARNING:Warning: 'eng' is not a recognised language; it has been passed on unchanged.
INFO:Advisory: assuming country name ('cc') has already been processed.
WARNING:Warning: 'eng' is not a recognised language; it has been passed on unchanged.
INFO:Advisory: assuming country name ('cc') has already been processed.
WARNING:Warning: 'eng' is not a recognised language; it has been passed on unchanged.
INFO:Advisory: assuming country name ('cc') has already been processed.
WARNING:Warning: 'eng' is not a recognised language; it has been passed on unchanged.
INFO:Advisory: assuming country name ('cc') has already been processed.
WARNING:Warning: 'eng' is not a recognised language; it has been passed on unchanged.
INFO:Advisory: assuming country name ('cc') has already been processed.
WARNING:Warning: 'eng' is not a recognised language; it has been passed on unchanged.
INFO:Advisory: assuming country name ('cc') has already been processed.
WARNING:Warning: 'eng' is not a recognised language; it has been passed on unchanged.
INFO:Advisory: assuming country name ('cc') has already been processed.
WARNING:Warning: 'eng' is not a recognised language; it has been passed on unchanged.
INFO:Advisory: assuming country name ('cc') has already been processed.
WARNING:Warning: 'eng' is not a recognised language; it has been passed on unchanged.
INFO:Advisory: assuming country name ('cc') has already been processed.
WARNING:Warning: 'eng' is not a recognised language; it has been passed on unchanged.
INFO:Advisory: assuming country name ('cc') has already been processed.
WARNING:Warning: 'eng' is not a recognised language; it has been passed on unchanged.
INFO:Advisory: assuming country name ('cc') has already been processed.
WARNING:Warning: 'eng' is not a recognised language; it has been passed on unchanged.
INFO:Advisory: assuming country name ('cc') has already been processed.
WARNING:Warning: 'eng' is not a recognised language; it has been passed on unchanged.
INFO:Advisory: assuming country name ('cc') has already been processed.
WARNING:Warning: 'eng' is not a recognised language; it has been passed on unchanged.
INFO:Advisory: assuming country name ('cc') has already been processed.
WARNING:Warning: 'eng' is not a recognised language; it has been passed on unchanged.
INFO:Advisory: assuming country name ('cc') has already been processed.
WARNING:Warning: 'eng' is not a recognised language; it has been passed on unchanged.
INFO:Advisory: assuming country name ('cc') has already been processed.
WARNING:Warning: 'eng' is not a recognised language; it has been passed on unchanged.
INFO:Advisory: assuming country name ('mc') has already been processed.
WARNING:Warning: 'eng' is not a recognised language; it has been passed on unchanged.
INFO:Advisory: assuming country name ('mc') has already been processed.
WARNING:Warning: 'eng' is not a recognised language; it has been passed on unchanged.
INFO:Advisory: assuming country name ('mc') has already been processed.
WARNING:Warning: 'eng' is not a recognised language; it has been passed on unchanged.
INFO:Advisory: assuming country name ('mc') has already been processed.
WARNING:Warning: 'eng' is not a recognised language; it has been passed on unchanged.
INFO:Advisory: assuming country name ('cau') has already been processed.
INFO:Advisory: assuming country name ('cc') has already been processed.
INFO:Advisory: assuming country name ('cc') has already been processed.
INFO:Advisory: assuming country name ('cc') has already been processed.
INFO:Advisory: assuming country name ('cc') has already been processed.
INFO:>>>>> processing: artCats.ernstHauswedell.xlsx
INFO:
Data input in /Users/paulwakelin/coding/python/art_cats/excel_files/artCats.ernstHauswedell.xlsx
INFO:>>>>> processing: AuctionCats.jeremyWarrenDonation.xlsx
INFO:
Data input in /Users/paulwakelin/coding/python/art_cats/excel_files/AuctionCats.jeremyWarrenDonation.xlsx
INFO:Advisory: assuming country name ('uk') has already been processed.
INFO:Advisory: assuming country name ('uk') has already been processed.
INFO:Advisory: assuming country name ('uk') has already been processed.
INFO:>>>>> processing: ChineseArtCatalogues.3examples.updated.xlsx
INFO:
Data input in /Users/paulwakelin/coding/python/art_cats/excel_files/ChineseArtCatalogues.3examples.updated.xlsx
INFO:>>>>> processing: auction_catalogues.PTW17_01_2025.xlsx
INFO:
Data input in /Users/paulwakelin/coding/python/art_cats/excel_files/auction_catalogues.PTW17_01_2025.xlsx
INFO:Advisory: assuming country name ('au') has already been processed.
INFO:Advisory: assuming country name ('au') has already been processed.
INFO:Advisory: assuming country name ('au') has already been processed.
INFO:Advisory: assuming country name ('au') has already been processed.
INFO:Advisory: assuming country name ('au') has already been processed.
INFO:Advisory: assuming country name ('au') has already been processed.
INFO:Advisory: assuming country name ('au') has already been processed.
INFO:Advisory: assuming country name ('au') has already been processed.
INFO:Advisory: assuming country name ('gw') has already been processed.
INFO:Advisory: assuming country name ('gw') has already been processed.
INFO:Advisory: assuming country name ('gw') has already been processed.
INFO:Advisory: assuming country name ('gw') has already been processed.
INFO:Advisory: assuming country name ('gw') has already been processed.
INFO:Advisory: assuming country name ('gw') has already been processed.
INFO:Advisory: assuming country name ('gw') has already been processed.
INFO:Advisory: assuming country name ('gw') has already been processed.
INFO:Advisory: assuming country name ('gw') has already been processed.
INFO:Advisory: assuming country name ('gw') has already been processed.
INFO:Advisory: assuming country name ('gw') has already been processed.
INFO:Advisory: assuming country name ('gw') has already been processed.
INFO:Advisory: assuming country name ('gw') has already been processed.
INFO:Advisory: assuming country name ('gw') has already been processed.
INFO:Advisory: assuming country name ('gw') has already been processed.
INFO:Advisory: assuming country name ('gw') has already been processed.
INFO:Advisory: assuming country name ('gw') has already been processed.
INFO:Advisory: assuming country name ('gw') has already been processed.
INFO:Advisory: assuming country name ('gw') has already been processed.
